{"/mnt/d/caba9/Documents/www/pokeapp/src/components/LangPicker/LangPicker.tsx": {"path":"/mnt/d/caba9/Documents/www/pokeapp/src/components/LangPicker/LangPicker.tsx","statementMap":{"0":{"start":{"line":1,"column":0},"end":{"line":1,"column":43}},"1":{"start":{"line":2,"column":0},"end":{"line":2,"column":59}},"2":{"start":{"line":3,"column":0},"end":{"line":3,"column":47}},"3":{"start":{"line":5,"column":29},"end":{"line":33,"column":1}},"4":{"start":{"line":6,"column":22},"end":{"line":6,"column":38}},"5":{"start":{"line":7,"column":34},"end":{"line":7,"column":57}},"6":{"start":{"line":9,"column":27},"end":{"line":12,"column":8}},"7":{"start":{"line":10,"column":4},"end":{"line":10,"column":30}},"8":{"start":{"line":11,"column":4},"end":{"line":11,"column":22}},"9":{"start":{"line":14,"column":2},"end":{"line":32,"column":4}},"10":{"start":{"line":35,"column":0},"end":{"line":35,"column":32}}},"fnMap":{"0":{"name":"(anonymous_6)","decl":{"start":{"line":5,"column":29},"end":{"line":5,"column":32}},"loc":{"start":{"line":5,"column":34},"end":{"line":33,"column":1}}},"1":{"name":"(anonymous_7)","decl":{"start":{"line":9,"column":39},"end":{"line":9,"column":40}},"loc":{"start":{"line":9,"column":48},"end":{"line":12,"column":3}}}},"branchMap":{},"s":{"0":2,"1":2,"2":2,"3":2,"4":2,"5":2,"6":2,"7":1,"8":1,"9":2,"10":2},"f":{"0":2,"1":1},"b":{}}
,"/mnt/d/caba9/Documents/www/pokeapp/src/components/Paginator/Paginator.tsx": {"path":"/mnt/d/caba9/Documents/www/pokeapp/src/components/Paginator/Paginator.tsx","statementMap":{"0":{"start":{"line":1,"column":0},"end":{"line":1,"column":49}},"1":{"start":{"line":2,"column":0},"end":{"line":2,"column":70}},"2":{"start":{"line":4,"column":0},"end":{"line":4,"column":48}},"3":{"start":{"line":6,"column":15},"end":{"line":15,"column":2}},"4":{"start":{"line":24,"column":44},"end":{"line":79,"column":1}},"5":{"start":{"line":31,"column":40},"end":{"line":31,"column":59}},"6":{"start":{"line":32,"column":34},"end":{"line":32,"column":45}},"7":{"start":{"line":33,"column":19},"end":{"line":33,"column":53}},"8":{"start":{"line":35,"column":27},"end":{"line":38,"column":20}},"9":{"start":{"line":36,"column":4},"end":{"line":36,"column":25}},"10":{"start":{"line":37,"column":4},"end":{"line":37,"column":23}},"11":{"start":{"line":40,"column":2},"end":{"line":42,"column":null}},"12":{"start":{"line":41,"column":4},"end":{"line":41,"column":null}},"13":{"start":{"line":44,"column":24},"end":{"line":64,"column":38}},"14":{"start":{"line":45,"column":26},"end":{"line":47,"column":6}},"15":{"start":{"line":48,"column":4},"end":{"line":48,"column":40}},"16":{"start":{"line":49,"column":26},"end":{"line":49,"column":82}},"17":{"start":{"line":50,"column":4},"end":{"line":50,"column":40}},"18":{"start":{"line":51,"column":20},"end":{"line":51,"column":22}},"19":{"start":{"line":54,"column":4},"end":{"line":62,"column":null}},"20":{"start":{"line":54,"column":17},"end":{"line":54,"column":24}},"21":{"start":{"line":55,"column":6},"end":{"line":61,"column":null}},"22":{"start":{"line":56,"column":108},"end":{"line":56,"column":127}},"23":{"start":{"line":63,"column":4},"end":{"line":63,"column":19}},"24":{"start":{"line":66,"column":23},"end":{"line":66,"column":51}},"25":{"start":{"line":67,"column":23},"end":{"line":67,"column":62}},"26":{"start":{"line":68,"column":2},"end":{"line":78,"column":null}},"27":{"start":{"line":70,"column":62},"end":{"line":70,"column":81}},"28":{"start":{"line":74,"column":62},"end":{"line":74,"column":92}},"29":{"start":{"line":81,"column":0},"end":{"line":81,"column":31}}},"fnMap":{"0":{"name":"(anonymous_6)","decl":{"start":{"line":24,"column":44},"end":{"line":24,"column":45}},"loc":{"start":{"line":29,"column":21},"end":{"line":79,"column":1}}},"1":{"name":"(anonymous_7)","decl":{"start":{"line":35,"column":39},"end":{"line":35,"column":40}},"loc":{"start":{"line":35,"column":56},"end":{"line":38,"column":3}}},"2":{"name":"(anonymous_8)","decl":{"start":{"line":40,"column":12},"end":{"line":40,"column":15}},"loc":{"start":{"line":40,"column":17},"end":{"line":42,"column":3}}},"3":{"name":"(anonymous_9)","decl":{"start":{"line":44,"column":36},"end":{"line":44,"column":39}},"loc":{"start":{"line":44,"column":41},"end":{"line":64,"column":3}}},"4":{"name":"(anonymous_10)","decl":{"start":{"line":56,"column":102},"end":{"line":56,"column":105}},"loc":{"start":{"line":56,"column":108},"end":{"line":56,"column":127}}},"5":{"name":"(anonymous_11)","decl":{"start":{"line":70,"column":56},"end":{"line":70,"column":59}},"loc":{"start":{"line":70,"column":62},"end":{"line":70,"column":81}}},"6":{"name":"(anonymous_12)","decl":{"start":{"line":74,"column":56},"end":{"line":74,"column":59}},"loc":{"start":{"line":74,"column":62},"end":{"line":74,"column":92}}}},"branchMap":{"0":{"loc":{"start":{"line":28,"column":13},"end":{"line":28,"column":14}},"type":"default-arg","locations":[{"start":{"line":28,"column":13},"end":{"line":28,"column":14}}]},"1":{"loc":{"start":{"line":48,"column":28},"end":{"line":48,"column":29}},"type":"cond-expr","locations":[{"start":{"line":48,"column":28},"end":{"line":48,"column":29}},{"start":{"line":48,"column":32},"end":{"line":48,"column":39}}]},"2":{"loc":{"start":{"line":50,"column":28},"end":{"line":50,"column":29}},"type":"cond-expr","locations":[{"start":{"line":50,"column":28},"end":{"line":50,"column":29}},{"start":{"line":50,"column":32},"end":{"line":50,"column":39}}]},"3":{"loc":{"start":{"line":56,"column":55},"end":{"line":56,"column":72}},"type":"binary-expr","locations":[{"start":{"line":56,"column":55},"end":{"line":56,"column":72}},{"start":{"line":56,"column":76},"end":{"line":56,"column":83}}]},"4":{"loc":{"start":{"line":66,"column":23},"end":{"line":66,"column":40}},"type":"binary-expr","locations":[{"start":{"line":66,"column":23},"end":{"line":66,"column":40}},{"start":{"line":66,"column":44},"end":{"line":66,"column":51}}]},"5":{"loc":{"start":{"line":67,"column":23},"end":{"line":67,"column":51}},"type":"binary-expr","locations":[{"start":{"line":67,"column":23},"end":{"line":67,"column":51}},{"start":{"line":67,"column":55},"end":{"line":67,"column":62}}]}},"s":{"0":2,"1":2,"2":2,"3":2,"4":2,"5":7,"6":7,"7":7,"8":7,"9":3,"10":3,"11":7,"12":0,"13":7,"14":7,"15":7,"16":7,"17":7,"18":7,"19":7,"20":7,"21":35,"22":1,"23":7,"24":7,"25":7,"26":7,"27":1,"28":1,"29":2},"f":{"0":7,"1":3,"2":0,"3":7,"4":1,"5":1,"6":1},"b":{"0":[7],"1":[7,0],"2":[7,0],"3":[35,28],"4":[7,0],"5":[7,7]}}
,"/mnt/d/caba9/Documents/www/pokeapp/src/components/PokeCard/PokeCard.tsx": {"path":"/mnt/d/caba9/Documents/www/pokeapp/src/components/PokeCard/PokeCard.tsx","statementMap":{"0":{"start":{"line":1,"column":0},"end":{"line":1,"column":76}},"1":{"start":{"line":2,"column":0},"end":{"line":2,"column":36}},"2":{"start":{"line":3,"column":0},"end":{"line":3,"column":55}},"3":{"start":{"line":4,"column":0},"end":{"line":4,"column":44}},"4":{"start":{"line":11,"column":15},"end":{"line":28,"column":2}},"5":{"start":{"line":30,"column":42},"end":{"line":63,"column":1}},"6":{"start":{"line":31,"column":2},"end":{"line":62,"column":4}},"7":{"start":{"line":37,"column":14},"end":{"line":42,"column":null}},"8":{"start":{"line":65,"column":0},"end":{"line":65,"column":30}}},"fnMap":{"0":{"name":"(anonymous_7)","decl":{"start":{"line":30,"column":42},"end":{"line":30,"column":43}},"loc":{"start":{"line":30,"column":73},"end":{"line":63,"column":1}}},"1":{"name":"(anonymous_8)","decl":{"start":{"line":36,"column":33},"end":{"line":36,"column":37}},"loc":{"start":{"line":37,"column":14},"end":{"line":42,"column":null}}}},"branchMap":{"0":{"loc":{"start":{"line":48,"column":14},"end":{"line":48,"column":93}},"type":"cond-expr","locations":[{"start":{"line":48,"column":14},"end":{"line":48,"column":93}},{"start":{"line":49,"column":16},"end":{"line":49,"column":27}}]}},"s":{"0":2,"1":2,"2":2,"3":2,"4":2,"5":2,"6":1,"7":1,"8":2},"f":{"0":1,"1":1},"b":{"0":[0,1]}}
,"/mnt/d/caba9/Documents/www/pokeapp/src/hooks/useCachedResources.ts": {"path":"/mnt/d/caba9/Documents/www/pokeapp/src/hooks/useCachedResources.ts","statementMap":{"0":{"start":{"line":1,"column":0},"end":{"line":1,"column":46}},"1":{"start":{"line":2,"column":0},"end":{"line":2,"column":34}},"2":{"start":{"line":3,"column":0},"end":{"line":3,"column":51}},"3":{"start":{"line":4,"column":0},"end":{"line":4,"column":31}},"4":{"start":{"line":7,"column":50},"end":{"line":7,"column":71}},"5":{"start":{"line":10,"column":2},"end":{"line":32,"column":9}},"6":{"start":{"line":12,"column":6},"end":{"line":28,"column":null}},"7":{"start":{"line":13,"column":8},"end":{"line":13,"column":44}},"8":{"start":{"line":16,"column":8},"end":{"line":21,"column":11}},"9":{"start":{"line":24,"column":8},"end":{"line":24,"column":24}},"10":{"start":{"line":26,"column":8},"end":{"line":26,"column":33}},"11":{"start":{"line":27,"column":8},"end":{"line":27,"column":33}},"12":{"start":{"line":31,"column":4},"end":{"line":31,"column":32}},"13":{"start":{"line":34,"column":2},"end":{"line":34,"column":27}},"14":{"start":{"line":6,"column":0},"end":{"line":6,"column":24}}},"fnMap":{"0":{"name":"useCachedResources","decl":{"start":{"line":6,"column":24},"end":{"line":6,"column":42}},"loc":{"start":{"line":6,"column":42},"end":{"line":35,"column":1}}},"1":{"name":"(anonymous_7)","decl":{"start":{"line":10,"column":18},"end":{"line":10,"column":21}},"loc":{"start":{"line":10,"column":23},"end":{"line":32,"column":3}}},"2":{"name":"loadResourcesAndDataAsync","decl":{"start":{"line":11,"column":19},"end":{"line":11,"column":44}},"loc":{"start":{"line":11,"column":44},"end":{"line":29,"column":5}}}},"branchMap":{},"s":{"0":0,"1":0,"2":0,"3":0,"4":0,"5":0,"6":0,"7":0,"8":0,"9":0,"10":0,"11":0,"12":0,"13":0,"14":0},"f":{"0":0,"1":0,"2":0},"b":{}}
,"/mnt/d/caba9/Documents/www/pokeapp/src/hooks/useColorScheme.ts": {"path":"/mnt/d/caba9/Documents/www/pokeapp/src/hooks/useColorScheme.ts","statementMap":{"0":{"start":{"line":1,"column":0},"end":{"line":1,"column":82}},"1":{"start":{"line":7,"column":2},"end":{"line":7,"column":59}},"2":{"start":{"line":6,"column":0},"end":{"line":6,"column":24}}},"fnMap":{"0":{"name":"useColorScheme","decl":{"start":{"line":6,"column":24},"end":{"line":6,"column":38}},"loc":{"start":{"line":6,"column":38},"end":{"line":8,"column":1}}}},"branchMap":{},"s":{"0":0,"1":0,"2":0},"f":{"0":0},"b":{}}
,"/mnt/d/caba9/Documents/www/pokeapp/src/mocks/pokemon.ts": {"path":"/mnt/d/caba9/Documents/www/pokeapp/src/mocks/pokemon.ts","statementMap":{"0":{"start":{"line":3,"column":29},"end":{"line":29,"column":2}},"1":{"start":{"line":31,"column":9},"end":{"line":31,"column":20}}},"fnMap":{},"branchMap":{},"s":{"0":2,"1":2},"f":{},"b":{}}
,"/mnt/d/caba9/Documents/www/pokeapp/src/navigation/LinkingConfiguration.ts": {"path":"/mnt/d/caba9/Documents/www/pokeapp/src/navigation/LinkingConfiguration.ts","statementMap":{"0":{"start":{"line":1,"column":0},"end":{"line":1,"column":40}},"1":{"start":{"line":3,"column":0},"end":{"line":13,"column":2}}},"fnMap":{},"branchMap":{},"s":{"0":0,"1":0},"f":{},"b":{}}
,"/mnt/d/caba9/Documents/www/pokeapp/src/navigation/MainNavigator.tsx": {"path":"/mnt/d/caba9/Documents/www/pokeapp/src/navigation/MainNavigator.tsx","statementMap":{"0":{"start":{"line":1,"column":0},"end":{"line":1,"column":26}},"1":{"start":{"line":2,"column":0},"end":{"line":2,"column":79}},"2":{"start":{"line":3,"column":0},"end":{"line":3,"column":58}},"3":{"start":{"line":4,"column":0},"end":{"line":4,"column":88}},"4":{"start":{"line":7,"column":14},"end":{"line":7,"column":62}},"5":{"start":{"line":10,"column":2},"end":{"line":21,"column":null}},"6":{"start":{"line":25,"column":0},"end":{"line":25,"column":29}}},"fnMap":{"0":{"name":"MainNavigator","decl":{"start":{"line":9,"column":9},"end":{"line":9,"column":22}},"loc":{"start":{"line":9,"column":22},"end":{"line":22,"column":1}}}},"branchMap":{},"s":{"0":0,"1":0,"2":0,"3":0,"4":0,"5":0,"6":0},"f":{"0":0},"b":{}}
,"/mnt/d/caba9/Documents/www/pokeapp/src/navigation/RootNavigator.tsx": {"path":"/mnt/d/caba9/Documents/www/pokeapp/src/navigation/RootNavigator.tsx","statementMap":{"0":{"start":{"line":1,"column":0},"end":{"line":1,"column":65}},"1":{"start":{"line":2,"column":0},"end":{"line":2,"column":36}},"2":{"start":{"line":3,"column":0},"end":{"line":3,"column":47}},"3":{"start":{"line":4,"column":0},"end":{"line":4,"column":37}},"4":{"start":{"line":5,"column":0},"end":{"line":5,"column":53}},"5":{"start":{"line":6,"column":0},"end":{"line":6,"column":70}},"6":{"start":{"line":7,"column":0},"end":{"line":7,"column":44}},"7":{"start":{"line":9,"column":0},"end":{"line":9,"column":16}},"8":{"start":{"line":10,"column":15},"end":{"line":10,"column":38}},"9":{"start":{"line":13,"column":18},"end":{"line":18,"column":2}},"10":{"start":{"line":14,"column":2},"end":{"line":16,"column":null}},"11":{"start":{"line":21,"column":16},"end":{"line":21,"column":32}},"12":{"start":{"line":22,"column":2},"end":{"line":42,"column":4}},"13":{"start":{"line":32,"column":27},"end":{"line":32,"column":40}},"14":{"start":{"line":20,"column":0},"end":{"line":20,"column":24}}},"fnMap":{"0":{"name":"(anonymous_7)","decl":{"start":{"line":13,"column":23},"end":{"line":13,"column":26}},"loc":{"start":{"line":14,"column":2},"end":{"line":16,"column":null}}},"1":{"name":"RootNavigator","decl":{"start":{"line":20,"column":24},"end":{"line":20,"column":37}},"loc":{"start":{"line":20,"column":37},"end":{"line":43,"column":1}}},"2":{"name":"(anonymous_9)","decl":{"start":{"line":32,"column":21},"end":{"line":32,"column":24}},"loc":{"start":{"line":32,"column":27},"end":{"line":32,"column":40}}}},"branchMap":{},"s":{"0":0,"1":0,"2":0,"3":0,"4":0,"5":0,"6":0,"7":0,"8":0,"9":0,"10":0,"11":0,"12":0,"13":0,"14":0},"f":{"0":0,"1":0,"2":0},"b":{}}
,"/mnt/d/caba9/Documents/www/pokeapp/src/navigation/index.tsx": {"path":"/mnt/d/caba9/Documents/www/pokeapp/src/navigation/index.tsx","statementMap":{"0":{"start":{"line":1,"column":0},"end":{"line":1,"column":null}},"1":{"start":{"line":6,"column":0},"end":{"line":6,"column":26}},"2":{"start":{"line":7,"column":0},"end":{"line":7,"column":58}},"3":{"start":{"line":8,"column":0},"end":{"line":8,"column":44}},"4":{"start":{"line":15,"column":2},"end":{"line":22,"column":4}},"5":{"start":{"line":14,"column":0},"end":{"line":14,"column":24}}},"fnMap":{"0":{"name":"Navigation","decl":{"start":{"line":14,"column":24},"end":{"line":14,"column":34}},"loc":{"start":{"line":14,"column":67},"end":{"line":23,"column":1}}}},"branchMap":{"0":{"loc":{"start":{"line":18,"column":39},"end":{"line":18,"column":51}},"type":"cond-expr","locations":[{"start":{"line":18,"column":39},"end":{"line":18,"column":51}},{"start":{"line":18,"column":54},"end":{"line":18,"column":63}}]}},"s":{"0":0,"1":0,"2":0,"3":0,"4":0,"5":0},"f":{"0":0},"b":{"0":[0,0]}}
,"/mnt/d/caba9/Documents/www/pokeapp/src/screens/MainScreen/MainScreen.tsx": {"path":"/mnt/d/caba9/Documents/www/pokeapp/src/screens/MainScreen/MainScreen.tsx","statementMap":{"0":{"start":{"line":1,"column":0},"end":{"line":1,"column":57}},"1":{"start":{"line":2,"column":0},"end":{"line":2,"column":26}},"2":{"start":{"line":3,"column":0},"end":{"line":3,"column":104}},"3":{"start":{"line":4,"column":0},"end":{"line":4,"column":64}},"4":{"start":{"line":5,"column":0},"end":{"line":5,"column":47}},"5":{"start":{"line":6,"column":0},"end":{"line":6,"column":60}},"6":{"start":{"line":7,"column":0},"end":{"line":7,"column":64}},"7":{"start":{"line":8,"column":0},"end":{"line":8,"column":61}},"8":{"start":{"line":9,"column":0},"end":{"line":9,"column":58}},"9":{"start":{"line":12,"column":15},"end":{"line":28,"column":2}},"10":{"start":{"line":31,"column":16},"end":{"line":31,"column":32}},"11":{"start":{"line":32,"column":21},"end":{"line":32,"column":36}},"12":{"start":{"line":33,"column":16},"end":{"line":33,"column":18}},"13":{"start":{"line":34,"column":28},"end":{"line":34,"column":39}},"14":{"start":{"line":35,"column":34},"end":{"line":35,"column":57}},"15":{"start":{"line":36,"column":32},"end":{"line":36,"column":47}},"16":{"start":{"line":37,"column":30},"end":{"line":37,"column":42}},"17":{"start":{"line":39,"column":20},"end":{"line":63,"column":8}},"18":{"start":{"line":40,"column":4},"end":{"line":40,"column":20}},"19":{"start":{"line":41,"column":4},"end":{"line":41,"column":21}},"20":{"start":{"line":43,"column":4},"end":{"line":62,"column":null}},"21":{"start":{"line":46,"column":8},"end":{"line":46,"column":29}},"22":{"start":{"line":47,"column":8},"end":{"line":47,"column":null}},"23":{"start":{"line":48,"column":8},"end":{"line":48,"column":null}},"24":{"start":{"line":50,"column":24},"end":{"line":56,"column":10}},"25":{"start":{"line":51,"column":10},"end":{"line":55,"column":null}},"26":{"start":{"line":53,"column":14},"end":{"line":53,"column":55}},"27":{"start":{"line":54,"column":14},"end":{"line":54,"column":null}},"28":{"start":{"line":57,"column":8},"end":{"line":61,"column":13}},"29":{"start":{"line":58,"column":22},"end":{"line":58,"column":36}},"30":{"start":{"line":60,"column":12},"end":{"line":60,"column":null}},"31":{"start":{"line":65,"column":2},"end":{"line":67,"column":9}},"32":{"start":{"line":66,"column":4},"end":{"line":66,"column":17}},"33":{"start":{"line":70,"column":27},"end":{"line":72,"column":8}},"34":{"start":{"line":71,"column":4},"end":{"line":71,"column":20}},"35":{"start":{"line":74,"column":29},"end":{"line":76,"column":8}},"36":{"start":{"line":75,"column":4},"end":{"line":75,"column":61}},"37":{"start":{"line":78,"column":23},"end":{"line":80,"column":8}},"38":{"start":{"line":79,"column":4},"end":{"line":79,"column":null}},"39":{"start":{"line":82,"column":2},"end":{"line":118,"column":4}},"40":{"start":{"line":106,"column":29},"end":{"line":106,"column":81}},"41":{"start":{"line":109,"column":20},"end":{"line":110,"column":null}},"42":{"start":{"line":109,"column":73},"end":{"line":109,"column":100}},"43":{"start":{"line":30,"column":0},"end":{"line":30,"column":24}}},"fnMap":{"0":{"name":"MainScreen","decl":{"start":{"line":30,"column":24},"end":{"line":30,"column":34}},"loc":{"start":{"line":30,"column":34},"end":{"line":119,"column":1}}},"1":{"name":"(anonymous_8)","decl":{"start":{"line":39,"column":32},"end":{"line":39,"column":33}},"loc":{"start":{"line":39,"column":49},"end":{"line":63,"column":3}}},"2":{"name":"(anonymous_9)","decl":{"start":{"line":44,"column":12},"end":{"line":44,"column":13}},"loc":{"start":{"line":44,"column":25},"end":{"line":62,"column":7}}},"3":{"name":"(anonymous_10)","decl":{"start":{"line":50,"column":41},"end":{"line":50,"column":42}},"loc":{"start":{"line":50,"column":54},"end":{"line":56,"column":9}}},"4":{"name":"(anonymous_11)","decl":{"start":{"line":52,"column":18},"end":{"line":52,"column":19}},"loc":{"start":{"line":52,"column":44},"end":{"line":55,"column":13}}},"5":{"name":"(anonymous_12)","decl":{"start":{"line":58,"column":17},"end":{"line":58,"column":18}},"loc":{"start":{"line":58,"column":22},"end":{"line":58,"column":36}}},"6":{"name":"(anonymous_13)","decl":{"start":{"line":59,"column":19},"end":{"line":59,"column":22}},"loc":{"start":{"line":59,"column":24},"end":{"line":61,"column":11}}},"7":{"name":"(anonymous_14)","decl":{"start":{"line":65,"column":12},"end":{"line":65,"column":15}},"loc":{"start":{"line":65,"column":17},"end":{"line":67,"column":3}}},"8":{"name":"(anonymous_15)","decl":{"start":{"line":70,"column":39},"end":{"line":70,"column":40}},"loc":{"start":{"line":70,"column":48},"end":{"line":72,"column":3}}},"9":{"name":"(anonymous_16)","decl":{"start":{"line":74,"column":41},"end":{"line":74,"column":42}},"loc":{"start":{"line":74,"column":62},"end":{"line":76,"column":3}}},"10":{"name":"(anonymous_17)","decl":{"start":{"line":78,"column":35},"end":{"line":78,"column":36}},"loc":{"start":{"line":78,"column":57},"end":{"line":80,"column":3}}},"11":{"name":"(anonymous_18)","decl":{"start":{"line":106,"column":24},"end":{"line":106,"column":25}},"loc":{"start":{"line":106,"column":29},"end":{"line":106,"column":81}}},"12":{"name":"(anonymous_19)","decl":{"start":{"line":107,"column":21},"end":{"line":107,"column":28}},"loc":{"start":{"line":109,"column":20},"end":{"line":110,"column":null}}},"13":{"name":"(anonymous_20)","decl":{"start":{"line":109,"column":67},"end":{"line":109,"column":70}},"loc":{"start":{"line":109,"column":73},"end":{"line":109,"column":100}}}},"branchMap":{"0":{"loc":{"start":{"line":101,"column":14},"end":{"line":102,"column":null}},"type":"cond-expr","locations":[{"start":{"line":101,"column":14},"end":{"line":102,"column":null}},{"start":{"line":105,"column":14},"end":{"line":112,"column":null}}]},"1":{"loc":{"start":{"line":100,"column":12},"end":{"line":100,"column":19}},"type":"binary-expr","locations":[{"start":{"line":100,"column":12},"end":{"line":100,"column":19}},{"start":{"line":100,"column":23},"end":{"line":100,"column":39}}]}},"s":{"0":1,"1":1,"2":1,"3":1,"4":1,"5":1,"6":1,"7":1,"8":1,"9":1,"10":4,"11":4,"12":4,"13":4,"14":4,"15":4,"16":4,"17":4,"18":0,"19":0,"20":0,"21":0,"22":0,"23":0,"24":0,"25":0,"26":0,"27":0,"28":0,"29":0,"30":0,"31":4,"32":0,"33":4,"34":0,"35":4,"36":0,"37":4,"38":1,"39":4,"40":0,"41":0,"42":0,"43":1},"f":{"0":4,"1":0,"2":0,"3":0,"4":0,"5":0,"6":0,"7":0,"8":0,"9":0,"10":1,"11":0,"12":0,"13":0},"b":{"0":[0,4],"1":[4,0]}}
,"/mnt/d/caba9/Documents/www/pokeapp/src/screens/PokemonDetailsScreen/PokemonDetailsScreen.tsx": {"path":"/mnt/d/caba9/Documents/www/pokeapp/src/screens/PokemonDetailsScreen/PokemonDetailsScreen.tsx","statementMap":{"0":{"start":{"line":1,"column":0},"end":{"line":1,"column":68}},"1":{"start":{"line":3,"column":0},"end":{"line":3,"column":121}},"2":{"start":{"line":4,"column":0},"end":{"line":4,"column":31}},"3":{"start":{"line":5,"column":0},"end":{"line":5,"column":47}},"4":{"start":{"line":6,"column":0},"end":{"line":6,"column":55}},"5":{"start":{"line":7,"column":0},"end":{"line":7,"column":44}},"6":{"start":{"line":13,"column":15},"end":{"line":38,"column":2}},"7":{"start":{"line":46,"column":2},"end":{"line":144,"column":3}},"8":{"start":{"line":47,"column":18},"end":{"line":47,"column":34}},"9":{"start":{"line":48,"column":23},"end":{"line":48,"column":38}},"10":{"start":{"line":50,"column":24},"end":{"line":50,"column":36}},"11":{"start":{"line":52,"column":4},"end":{"line":143,"column":6}},"12":{"start":{"line":56,"column":54},"end":{"line":56,"column":73}},"13":{"start":{"line":101,"column":22},"end":{"line":106,"column":null}},"14":{"start":{"line":124,"column":20},"end":{"line":134,"column":null}},"15":{"start":{"line":146,"column":0},"end":{"line":146,"column":48}}},"fnMap":{"0":{"name":"(anonymous_7)","decl":{"start":{"line":46,"column":2},"end":{"line":46,"column":3}},"loc":{"start":{"line":46,"column":43},"end":{"line":144,"column":3}}},"1":{"name":"(anonymous_8)","decl":{"start":{"line":56,"column":48},"end":{"line":56,"column":51}},"loc":{"start":{"line":56,"column":54},"end":{"line":56,"column":73}}},"2":{"name":"(anonymous_9)","decl":{"start":{"line":100,"column":41},"end":{"line":100,"column":45}},"loc":{"start":{"line":101,"column":22},"end":{"line":106,"column":null}}},"3":{"name":"(anonymous_10)","decl":{"start":{"line":123,"column":37},"end":{"line":123,"column":41}},"loc":{"start":{"line":124,"column":20},"end":{"line":134,"column":null}}}},"branchMap":{"0":{"loc":{"start":{"line":73,"column":22},"end":{"line":73,"column":102}},"type":"cond-expr","locations":[{"start":{"line":73,"column":22},"end":{"line":73,"column":102}},{"start":{"line":74,"column":24},"end":{"line":74,"column":35}}]}},"s":{"0":1,"1":1,"2":1,"3":1,"4":1,"5":1,"6":1,"7":1,"8":4,"9":4,"10":4,"11":4,"12":1,"13":3,"14":3,"15":1},"f":{"0":4,"1":1,"2":3,"3":3},"b":{"0":[0,4]}}
,"/mnt/d/caba9/Documents/www/pokeapp/src/screens/SettingsScreen/SettingsScreen.tsx": {"path":"/mnt/d/caba9/Documents/www/pokeapp/src/screens/SettingsScreen/SettingsScreen.tsx","statementMap":{"0":{"start":{"line":1,"column":0},"end":{"line":1,"column":60}},"1":{"start":{"line":2,"column":0},"end":{"line":2,"column":26}},"2":{"start":{"line":3,"column":0},"end":{"line":3,"column":64}},"3":{"start":{"line":5,"column":33},"end":{"line":15,"column":1}},"4":{"start":{"line":6,"column":2},"end":{"line":14,"column":null}},"5":{"start":{"line":17,"column":0},"end":{"line":17,"column":30}}},"fnMap":{"0":{"name":"(anonymous_1)","decl":{"start":{"line":5,"column":33},"end":{"line":5,"column":36}},"loc":{"start":{"line":5,"column":38},"end":{"line":15,"column":1}}}},"branchMap":{},"s":{"0":1,"1":1,"2":1,"3":1,"4":2,"5":1},"f":{"0":2},"b":{}}
,"/mnt/d/caba9/Documents/www/pokeapp/src/utils/i18n.ts": {"path":"/mnt/d/caba9/Documents/www/pokeapp/src/utils/i18n.ts","statementMap":{"0":{"start":{"line":1,"column":0},"end":{"line":1,"column":50}},"1":{"start":{"line":2,"column":0},"end":{"line":2,"column":27}},"2":{"start":{"line":3,"column":0},"end":{"line":3,"column":49}},"3":{"start":{"line":4,"column":0},"end":{"line":4,"column":36}},"4":{"start":{"line":5,"column":0},"end":{"line":5,"column":36}},"5":{"start":{"line":7,"column":18},"end":{"line":14,"column":2}},"6":{"start":{"line":16,"column":0},"end":{"line":26,"column":5}},"7":{"start":{"line":28,"column":0},"end":{"line":28,"column":20}}},"fnMap":{},"branchMap":{},"s":{"0":0,"1":0,"2":0,"3":0,"4":0,"5":0,"6":0,"7":0},"f":{},"b":{}}
,"/mnt/d/caba9/Documents/www/pokeapp/src/utils/typesMapper.ts": {"path":"/mnt/d/caba9/Documents/www/pokeapp/src/utils/typesMapper.ts","statementMap":{"0":{"start":{"line":1,"column":19},"end":{"line":20,"column":2}},"1":{"start":{"line":23,"column":2},"end":{"line":23,"column":21}},"2":{"start":{"line":22,"column":0},"end":{"line":22,"column":24}}},"fnMap":{"0":{"name":"typesMapper","decl":{"start":{"line":22,"column":24},"end":{"line":22,"column":35}},"loc":{"start":{"line":22,"column":48},"end":{"line":24,"column":1}}}},"branchMap":{},"s":{"0":3,"1":4,"2":3},"f":{"0":4},"b":{}}
}
