{"/mnt/d/caba9/Documents/www/pokeapp/src/components/LangPicker/LangPicker.tsx": {"path":"/mnt/d/caba9/Documents/www/pokeapp/src/components/LangPicker/LangPicker.tsx","statementMap":{"0":{"start":{"line":1,"column":0},"end":{"line":1,"column":43}},"1":{"start":{"line":2,"column":0},"end":{"line":2,"column":59}},"2":{"start":{"line":3,"column":0},"end":{"line":3,"column":47}},"3":{"start":{"line":5,"column":29},"end":{"line":31,"column":1}},"4":{"start":{"line":6,"column":22},"end":{"line":6,"column":38}},"5":{"start":{"line":7,"column":34},"end":{"line":7,"column":57}},"6":{"start":{"line":9,"column":27},"end":{"line":12,"column":8}},"7":{"start":{"line":10,"column":4},"end":{"line":10,"column":30}},"8":{"start":{"line":11,"column":4},"end":{"line":11,"column":22}},"9":{"start":{"line":14,"column":2},"end":{"line":30,"column":4}},"10":{"start":{"line":33,"column":0},"end":{"line":33,"column":32}}},"fnMap":{"0":{"name":"(anonymous_6)","decl":{"start":{"line":5,"column":29},"end":{"line":5,"column":32}},"loc":{"start":{"line":5,"column":34},"end":{"line":31,"column":1}}},"1":{"name":"(anonymous_7)","decl":{"start":{"line":9,"column":39},"end":{"line":9,"column":40}},"loc":{"start":{"line":9,"column":48},"end":{"line":12,"column":3}}}},"branchMap":{},"s":{"0":2,"1":2,"2":2,"3":2,"4":2,"5":2,"6":2,"7":1,"8":1,"9":2,"10":2},"f":{"0":2,"1":1},"b":{}}
,"/mnt/d/caba9/Documents/www/pokeapp/src/components/Paginator/Paginator.tsx": {"path":"/mnt/d/caba9/Documents/www/pokeapp/src/components/Paginator/Paginator.tsx","statementMap":{"0":{"start":{"line":1,"column":0},"end":{"line":1,"column":43}},"1":{"start":{"line":2,"column":0},"end":{"line":2,"column":59}},"2":{"start":{"line":3,"column":0},"end":{"line":3,"column":47}},"3":{"start":{"line":4,"column":0},"end":{"line":4,"column":48}},"4":{"start":{"line":6,"column":15},"end":{"line":15,"column":2}},"5":{"start":{"line":23,"column":44},"end":{"line":72,"column":1}},"6":{"start":{"line":28,"column":16},"end":{"line":28,"column":32}},"7":{"start":{"line":30,"column":40},"end":{"line":30,"column":59}},"8":{"start":{"line":31,"column":21},"end":{"line":31,"column":53}},"9":{"start":{"line":33,"column":27},"end":{"line":36,"column":20}},"10":{"start":{"line":34,"column":4},"end":{"line":34,"column":25}},"11":{"start":{"line":35,"column":4},"end":{"line":35,"column":23}},"12":{"start":{"line":38,"column":24},"end":{"line":55,"column":8}},"13":{"start":{"line":39,"column":21},"end":{"line":39,"column":22}},"14":{"start":{"line":40,"column":28},"end":{"line":40,"column":85}},"15":{"start":{"line":41,"column":28},"end":{"line":41,"column":75}},"16":{"start":{"line":42,"column":20},"end":{"line":42,"column":22}},"17":{"start":{"line":45,"column":4},"end":{"line":53,"column":null}},"18":{"start":{"line":45,"column":17},"end":{"line":45,"column":24}},"19":{"start":{"line":46,"column":6},"end":{"line":52,"column":null}},"20":{"start":{"line":47,"column":79},"end":{"line":47,"column":98}},"21":{"start":{"line":54,"column":4},"end":{"line":54,"column":19}},"22":{"start":{"line":57,"column":2},"end":{"line":71,"column":null}},"23":{"start":{"line":59,"column":69},"end":{"line":59,"column":102}},"24":{"start":{"line":65,"column":76},"end":{"line":65,"column":109}},"25":{"start":{"line":74,"column":0},"end":{"line":74,"column":31}}},"fnMap":{"0":{"name":"(anonymous_6)","decl":{"start":{"line":23,"column":44},"end":{"line":23,"column":45}},"loc":{"start":{"line":27,"column":21},"end":{"line":72,"column":1}}},"1":{"name":"(anonymous_7)","decl":{"start":{"line":33,"column":39},"end":{"line":33,"column":40}},"loc":{"start":{"line":33,"column":56},"end":{"line":36,"column":3}}},"2":{"name":"(anonymous_8)","decl":{"start":{"line":38,"column":36},"end":{"line":38,"column":39}},"loc":{"start":{"line":38,"column":41},"end":{"line":55,"column":3}}},"3":{"name":"(anonymous_9)","decl":{"start":{"line":47,"column":73},"end":{"line":47,"column":76}},"loc":{"start":{"line":47,"column":79},"end":{"line":47,"column":98}}},"4":{"name":"(anonymous_10)","decl":{"start":{"line":59,"column":63},"end":{"line":59,"column":66}},"loc":{"start":{"line":59,"column":69},"end":{"line":59,"column":102}}},"5":{"name":"(anonymous_11)","decl":{"start":{"line":65,"column":70},"end":{"line":65,"column":73}},"loc":{"start":{"line":65,"column":76},"end":{"line":65,"column":109}}}},"branchMap":{"0":{"loc":{"start":{"line":47,"column":26},"end":{"line":47,"column":43}},"type":"binary-expr","locations":[{"start":{"line":47,"column":26},"end":{"line":47,"column":43}},{"start":{"line":47,"column":47},"end":{"line":47,"column":54}}]},"1":{"loc":{"start":{"line":59,"column":24},"end":{"line":59,"column":41}},"type":"binary-expr","locations":[{"start":{"line":59,"column":24},"end":{"line":59,"column":41}},{"start":{"line":59,"column":45},"end":{"line":59,"column":52}}]},"2":{"loc":{"start":{"line":65,"column":24},"end":{"line":65,"column":48}},"type":"binary-expr","locations":[{"start":{"line":65,"column":24},"end":{"line":65,"column":48}},{"start":{"line":65,"column":52},"end":{"line":65,"column":59}}]}},"s":{"0":2,"1":2,"2":2,"3":2,"4":2,"5":2,"6":7,"7":7,"8":7,"9":7,"10":3,"11":3,"12":7,"13":7,"14":7,"15":7,"16":7,"17":7,"18":7,"19":35,"20":1,"21":7,"22":7,"23":1,"24":1,"25":2},"f":{"0":7,"1":3,"2":7,"3":1,"4":1,"5":1},"b":{"0":[35,28],"1":[7,0],"2":[7,7]}}
,"/mnt/d/caba9/Documents/www/pokeapp/src/components/PokeCard/PokeCard.tsx": {"path":"/mnt/d/caba9/Documents/www/pokeapp/src/components/PokeCard/PokeCard.tsx","statementMap":{"0":{"start":{"line":1,"column":0},"end":{"line":1,"column":71}},"1":{"start":{"line":2,"column":0},"end":{"line":2,"column":49}},"2":{"start":{"line":3,"column":0},"end":{"line":3,"column":36}},"3":{"start":{"line":10,"column":15},"end":{"line":21,"column":2}},"4":{"start":{"line":23,"column":42},"end":{"line":40,"column":1}},"5":{"start":{"line":24,"column":2},"end":{"line":39,"column":4}},"6":{"start":{"line":42,"column":0},"end":{"line":42,"column":30}}},"fnMap":{"0":{"name":"(anonymous_6)","decl":{"start":{"line":23,"column":42},"end":{"line":23,"column":43}},"loc":{"start":{"line":23,"column":73},"end":{"line":40,"column":1}}}},"branchMap":{"0":{"loc":{"start":{"line":30,"column":14},"end":{"line":30,"column":93}},"type":"cond-expr","locations":[{"start":{"line":30,"column":14},"end":{"line":30,"column":93}},{"start":{"line":31,"column":16},"end":{"line":31,"column":27}}]}},"s":{"0":2,"1":2,"2":2,"3":2,"4":2,"5":1,"6":2},"f":{"0":1},"b":{"0":[0,1]}}
,"/mnt/d/caba9/Documents/www/pokeapp/src/hooks/useCachedResources.ts": {"path":"/mnt/d/caba9/Documents/www/pokeapp/src/hooks/useCachedResources.ts","statementMap":{"0":{"start":{"line":1,"column":0},"end":{"line":1,"column":46}},"1":{"start":{"line":2,"column":0},"end":{"line":2,"column":34}},"2":{"start":{"line":3,"column":0},"end":{"line":3,"column":51}},"3":{"start":{"line":4,"column":0},"end":{"line":4,"column":31}},"4":{"start":{"line":7,"column":50},"end":{"line":7,"column":71}},"5":{"start":{"line":10,"column":2},"end":{"line":32,"column":9}},"6":{"start":{"line":12,"column":6},"end":{"line":28,"column":null}},"7":{"start":{"line":13,"column":8},"end":{"line":13,"column":44}},"8":{"start":{"line":16,"column":8},"end":{"line":21,"column":11}},"9":{"start":{"line":24,"column":8},"end":{"line":24,"column":24}},"10":{"start":{"line":26,"column":8},"end":{"line":26,"column":33}},"11":{"start":{"line":27,"column":8},"end":{"line":27,"column":33}},"12":{"start":{"line":31,"column":4},"end":{"line":31,"column":32}},"13":{"start":{"line":34,"column":2},"end":{"line":34,"column":27}},"14":{"start":{"line":6,"column":0},"end":{"line":6,"column":24}}},"fnMap":{"0":{"name":"useCachedResources","decl":{"start":{"line":6,"column":24},"end":{"line":6,"column":42}},"loc":{"start":{"line":6,"column":42},"end":{"line":35,"column":1}}},"1":{"name":"(anonymous_7)","decl":{"start":{"line":10,"column":18},"end":{"line":10,"column":21}},"loc":{"start":{"line":10,"column":23},"end":{"line":32,"column":3}}},"2":{"name":"loadResourcesAndDataAsync","decl":{"start":{"line":11,"column":19},"end":{"line":11,"column":44}},"loc":{"start":{"line":11,"column":44},"end":{"line":29,"column":5}}}},"branchMap":{},"s":{"0":0,"1":0,"2":0,"3":0,"4":0,"5":0,"6":0,"7":0,"8":0,"9":0,"10":0,"11":0,"12":0,"13":0,"14":0},"f":{"0":0,"1":0,"2":0},"b":{}}
,"/mnt/d/caba9/Documents/www/pokeapp/src/hooks/useColorScheme.ts": {"path":"/mnt/d/caba9/Documents/www/pokeapp/src/hooks/useColorScheme.ts","statementMap":{"0":{"start":{"line":1,"column":0},"end":{"line":1,"column":82}},"1":{"start":{"line":7,"column":2},"end":{"line":7,"column":59}},"2":{"start":{"line":6,"column":0},"end":{"line":6,"column":24}}},"fnMap":{"0":{"name":"useColorScheme","decl":{"start":{"line":6,"column":24},"end":{"line":6,"column":38}},"loc":{"start":{"line":6,"column":38},"end":{"line":8,"column":1}}}},"branchMap":{},"s":{"0":0,"1":0,"2":0},"f":{"0":0},"b":{}}
,"/mnt/d/caba9/Documents/www/pokeapp/src/mocks/pokemon.ts": {"path":"/mnt/d/caba9/Documents/www/pokeapp/src/mocks/pokemon.ts","statementMap":{"0":{"start":{"line":3,"column":29},"end":{"line":23,"column":2}},"1":{"start":{"line":25,"column":9},"end":{"line":25,"column":20}}},"fnMap":{},"branchMap":{},"s":{"0":2,"1":2},"f":{},"b":{}}
,"/mnt/d/caba9/Documents/www/pokeapp/src/navigation/LinkingConfiguration.ts": {"path":"/mnt/d/caba9/Documents/www/pokeapp/src/navigation/LinkingConfiguration.ts","statementMap":{"0":{"start":{"line":1,"column":0},"end":{"line":1,"column":40}},"1":{"start":{"line":3,"column":0},"end":{"line":12,"column":2}}},"fnMap":{},"branchMap":{},"s":{"0":0,"1":0},"f":{},"b":{}}
,"/mnt/d/caba9/Documents/www/pokeapp/src/navigation/RootNavigator.tsx": {"path":"/mnt/d/caba9/Documents/www/pokeapp/src/navigation/RootNavigator.tsx","statementMap":{"0":{"start":{"line":1,"column":0},"end":{"line":1,"column":63}},"1":{"start":{"line":2,"column":0},"end":{"line":2,"column":26}},"2":{"start":{"line":3,"column":0},"end":{"line":3,"column":58}},"3":{"start":{"line":4,"column":0},"end":{"line":4,"column":88}},"4":{"start":{"line":7,"column":14},"end":{"line":7,"column":56}},"5":{"start":{"line":10,"column":2},"end":{"line":27,"column":4}},"6":{"start":{"line":9,"column":0},"end":{"line":9,"column":24}}},"fnMap":{"0":{"name":"RootNavigator","decl":{"start":{"line":9,"column":24},"end":{"line":9,"column":37}},"loc":{"start":{"line":9,"column":37},"end":{"line":28,"column":1}}}},"branchMap":{},"s":{"0":0,"1":0,"2":0,"3":0,"4":0,"5":0,"6":0},"f":{"0":0},"b":{}}
,"/mnt/d/caba9/Documents/www/pokeapp/src/navigation/index.tsx": {"path":"/mnt/d/caba9/Documents/www/pokeapp/src/navigation/index.tsx","statementMap":{"0":{"start":{"line":1,"column":0},"end":{"line":1,"column":null}},"1":{"start":{"line":6,"column":0},"end":{"line":6,"column":26}},"2":{"start":{"line":7,"column":0},"end":{"line":7,"column":58}},"3":{"start":{"line":8,"column":0},"end":{"line":8,"column":44}},"4":{"start":{"line":15,"column":2},"end":{"line":22,"column":4}},"5":{"start":{"line":14,"column":0},"end":{"line":14,"column":24}}},"fnMap":{"0":{"name":"Navigation","decl":{"start":{"line":14,"column":24},"end":{"line":14,"column":34}},"loc":{"start":{"line":14,"column":67},"end":{"line":23,"column":1}}}},"branchMap":{"0":{"loc":{"start":{"line":18,"column":39},"end":{"line":18,"column":51}},"type":"cond-expr","locations":[{"start":{"line":18,"column":39},"end":{"line":18,"column":51}},{"start":{"line":18,"column":54},"end":{"line":18,"column":63}}]}},"s":{"0":0,"1":0,"2":0,"3":0,"4":0,"5":0},"f":{"0":0},"b":{"0":[0,0]}}
,"/mnt/d/caba9/Documents/www/pokeapp/src/screens/MainScreen/MainScreen.tsx": {"path":"/mnt/d/caba9/Documents/www/pokeapp/src/screens/MainScreen/MainScreen.tsx","statementMap":{"0":{"start":{"line":1,"column":0},"end":{"line":1,"column":57}},"1":{"start":{"line":2,"column":0},"end":{"line":2,"column":26}},"2":{"start":{"line":3,"column":0},"end":{"line":3,"column":105}},"3":{"start":{"line":4,"column":0},"end":{"line":4,"column":64}},"4":{"start":{"line":5,"column":0},"end":{"line":5,"column":47}},"5":{"start":{"line":6,"column":0},"end":{"line":6,"column":67}},"6":{"start":{"line":7,"column":0},"end":{"line":7,"column":64}},"7":{"start":{"line":8,"column":0},"end":{"line":8,"column":64}},"8":{"start":{"line":9,"column":0},"end":{"line":9,"column":61}},"9":{"start":{"line":10,"column":0},"end":{"line":10,"column":58}},"10":{"start":{"line":14,"column":15},"end":{"line":35,"column":2}},"11":{"start":{"line":38,"column":16},"end":{"line":38,"column":32}},"12":{"start":{"line":39,"column":21},"end":{"line":39,"column":36}},"13":{"start":{"line":40,"column":16},"end":{"line":40,"column":18}},"14":{"start":{"line":41,"column":28},"end":{"line":41,"column":39}},"15":{"start":{"line":42,"column":34},"end":{"line":42,"column":57}},"16":{"start":{"line":43,"column":32},"end":{"line":43,"column":47}},"17":{"start":{"line":44,"column":30},"end":{"line":44,"column":42}},"18":{"start":{"line":46,"column":20},"end":{"line":67,"column":8}},"19":{"start":{"line":47,"column":4},"end":{"line":47,"column":20}},"20":{"start":{"line":48,"column":4},"end":{"line":48,"column":21}},"21":{"start":{"line":49,"column":4},"end":{"line":66,"column":null}},"22":{"start":{"line":52,"column":8},"end":{"line":52,"column":29}},"23":{"start":{"line":53,"column":8},"end":{"line":53,"column":null}},"24":{"start":{"line":54,"column":8},"end":{"line":54,"column":null}},"25":{"start":{"line":56,"column":24},"end":{"line":62,"column":10}},"26":{"start":{"line":57,"column":10},"end":{"line":61,"column":null}},"27":{"start":{"line":59,"column":14},"end":{"line":59,"column":55}},"28":{"start":{"line":60,"column":14},"end":{"line":60,"column":null}},"29":{"start":{"line":63,"column":8},"end":{"line":65,"column":11}},"30":{"start":{"line":64,"column":10},"end":{"line":64,"column":null}},"31":{"start":{"line":69,"column":2},"end":{"line":71,"column":9}},"32":{"start":{"line":70,"column":4},"end":{"line":70,"column":17}},"33":{"start":{"line":74,"column":27},"end":{"line":76,"column":8}},"34":{"start":{"line":75,"column":4},"end":{"line":75,"column":20}},"35":{"start":{"line":78,"column":29},"end":{"line":80,"column":8}},"36":{"start":{"line":79,"column":4},"end":{"line":79,"column":61}},"37":{"start":{"line":82,"column":23},"end":{"line":84,"column":8}},"38":{"start":{"line":83,"column":4},"end":{"line":83,"column":null}},"39":{"start":{"line":86,"column":2},"end":{"line":126,"column":4}},"40":{"start":{"line":113,"column":29},"end":{"line":113,"column":81}},"41":{"start":{"line":116,"column":20},"end":{"line":117,"column":null}},"42":{"start":{"line":116,"column":73},"end":{"line":116,"column":100}},"43":{"start":{"line":37,"column":0},"end":{"line":37,"column":24}}},"fnMap":{"0":{"name":"MainScreen","decl":{"start":{"line":37,"column":24},"end":{"line":37,"column":34}},"loc":{"start":{"line":37,"column":34},"end":{"line":127,"column":1}}},"1":{"name":"(anonymous_8)","decl":{"start":{"line":46,"column":32},"end":{"line":46,"column":33}},"loc":{"start":{"line":46,"column":49},"end":{"line":67,"column":3}}},"2":{"name":"(anonymous_9)","decl":{"start":{"line":50,"column":12},"end":{"line":50,"column":13}},"loc":{"start":{"line":50,"column":25},"end":{"line":66,"column":7}}},"3":{"name":"(anonymous_10)","decl":{"start":{"line":56,"column":41},"end":{"line":56,"column":42}},"loc":{"start":{"line":56,"column":54},"end":{"line":62,"column":9}}},"4":{"name":"(anonymous_11)","decl":{"start":{"line":58,"column":18},"end":{"line":58,"column":19}},"loc":{"start":{"line":58,"column":44},"end":{"line":61,"column":13}}},"5":{"name":"(anonymous_12)","decl":{"start":{"line":63,"column":37},"end":{"line":63,"column":40}},"loc":{"start":{"line":63,"column":42},"end":{"line":65,"column":9}}},"6":{"name":"(anonymous_13)","decl":{"start":{"line":69,"column":12},"end":{"line":69,"column":15}},"loc":{"start":{"line":69,"column":17},"end":{"line":71,"column":3}}},"7":{"name":"(anonymous_14)","decl":{"start":{"line":74,"column":39},"end":{"line":74,"column":40}},"loc":{"start":{"line":74,"column":48},"end":{"line":76,"column":3}}},"8":{"name":"(anonymous_15)","decl":{"start":{"line":78,"column":41},"end":{"line":78,"column":42}},"loc":{"start":{"line":78,"column":62},"end":{"line":80,"column":3}}},"9":{"name":"(anonymous_16)","decl":{"start":{"line":82,"column":35},"end":{"line":82,"column":36}},"loc":{"start":{"line":82,"column":57},"end":{"line":84,"column":3}}},"10":{"name":"(anonymous_17)","decl":{"start":{"line":113,"column":24},"end":{"line":113,"column":25}},"loc":{"start":{"line":113,"column":29},"end":{"line":113,"column":81}}},"11":{"name":"(anonymous_18)","decl":{"start":{"line":114,"column":21},"end":{"line":114,"column":28}},"loc":{"start":{"line":116,"column":20},"end":{"line":117,"column":null}}},"12":{"name":"(anonymous_19)","decl":{"start":{"line":116,"column":67},"end":{"line":116,"column":70}},"loc":{"start":{"line":116,"column":73},"end":{"line":116,"column":100}}}},"branchMap":{"0":{"loc":{"start":{"line":111,"column":14},"end":{"line":111,"column":25}},"type":"cond-expr","locations":[{"start":{"line":111,"column":14},"end":{"line":111,"column":25}},{"start":{"line":112,"column":14},"end":{"line":119,"column":null}}]},"1":{"loc":{"start":{"line":110,"column":12},"end":{"line":110,"column":19}},"type":"binary-expr","locations":[{"start":{"line":110,"column":12},"end":{"line":110,"column":19}},{"start":{"line":110,"column":23},"end":{"line":110,"column":38}}]}},"s":{"0":1,"1":1,"2":1,"3":1,"4":1,"5":1,"6":1,"7":1,"8":1,"9":1,"10":1,"11":5,"12":5,"13":5,"14":5,"15":5,"16":5,"17":5,"18":5,"19":0,"20":0,"21":0,"22":0,"23":0,"24":0,"25":0,"26":0,"27":0,"28":0,"29":0,"30":0,"31":5,"32":0,"33":5,"34":0,"35":5,"36":0,"37":5,"38":1,"39":5,"40":0,"41":0,"42":0,"43":1},"f":{"0":5,"1":0,"2":0,"3":0,"4":0,"5":0,"6":0,"7":0,"8":0,"9":1,"10":0,"11":0,"12":0},"b":{"0":[0,5],"1":[5,0]}}
,"/mnt/d/caba9/Documents/www/pokeapp/src/screens/PokemonDetailsScreen/PokemonDetailsScreen.tsx": {"path":"/mnt/d/caba9/Documents/www/pokeapp/src/screens/PokemonDetailsScreen/PokemonDetailsScreen.tsx","statementMap":{"0":{"start":{"line":1,"column":0},"end":{"line":1,"column":68}},"1":{"start":{"line":3,"column":0},"end":{"line":3,"column":121}},"2":{"start":{"line":4,"column":0},"end":{"line":4,"column":31}},"3":{"start":{"line":5,"column":0},"end":{"line":5,"column":47}},"4":{"start":{"line":6,"column":0},"end":{"line":6,"column":49}},"5":{"start":{"line":12,"column":15},"end":{"line":30,"column":2}},"6":{"start":{"line":38,"column":2},"end":{"line":124,"column":3}},"7":{"start":{"line":39,"column":18},"end":{"line":39,"column":34}},"8":{"start":{"line":40,"column":23},"end":{"line":40,"column":38}},"9":{"start":{"line":42,"column":24},"end":{"line":42,"column":36}},"10":{"start":{"line":44,"column":4},"end":{"line":123,"column":6}},"11":{"start":{"line":48,"column":54},"end":{"line":48,"column":73}},"12":{"start":{"line":104,"column":20},"end":{"line":114,"column":null}},"13":{"start":{"line":126,"column":0},"end":{"line":126,"column":48}}},"fnMap":{"0":{"name":"(anonymous_6)","decl":{"start":{"line":38,"column":2},"end":{"line":38,"column":3}},"loc":{"start":{"line":38,"column":43},"end":{"line":124,"column":3}}},"1":{"name":"(anonymous_7)","decl":{"start":{"line":48,"column":48},"end":{"line":48,"column":51}},"loc":{"start":{"line":48,"column":54},"end":{"line":48,"column":73}}},"2":{"name":"(anonymous_8)","decl":{"start":{"line":103,"column":37},"end":{"line":103,"column":41}},"loc":{"start":{"line":104,"column":20},"end":{"line":114,"column":null}}}},"branchMap":{"0":{"loc":{"start":{"line":64,"column":22},"end":{"line":64,"column":102}},"type":"cond-expr","locations":[{"start":{"line":64,"column":22},"end":{"line":64,"column":102}},{"start":{"line":65,"column":24},"end":{"line":65,"column":35}}]}},"s":{"0":1,"1":1,"2":1,"3":1,"4":1,"5":1,"6":1,"7":4,"8":4,"9":4,"10":4,"11":1,"12":3,"13":1},"f":{"0":4,"1":1,"2":3},"b":{"0":[0,4]}}
,"/mnt/d/caba9/Documents/www/pokeapp/src/utils/i18n.ts": {"path":"/mnt/d/caba9/Documents/www/pokeapp/src/utils/i18n.ts","statementMap":{"0":{"start":{"line":1,"column":0},"end":{"line":1,"column":50}},"1":{"start":{"line":2,"column":0},"end":{"line":2,"column":27}},"2":{"start":{"line":3,"column":0},"end":{"line":3,"column":49}},"3":{"start":{"line":4,"column":0},"end":{"line":4,"column":36}},"4":{"start":{"line":5,"column":0},"end":{"line":5,"column":36}},"5":{"start":{"line":7,"column":18},"end":{"line":14,"column":2}},"6":{"start":{"line":16,"column":0},"end":{"line":26,"column":5}},"7":{"start":{"line":28,"column":0},"end":{"line":28,"column":20}}},"fnMap":{},"branchMap":{},"s":{"0":0,"1":0,"2":0,"3":0,"4":0,"5":0,"6":0,"7":0},"f":{},"b":{}}
}
