TN:
SF:src/components/LangPicker/LangPicker.tsx
FN:6,(anonymous_6)
FN:10,(anonymous_7)
FN:11,(anonymous_8)
FN:14,(anonymous_9)
FNF:4
FNH:2
FNDA:2,(anonymous_6)
FNDA:0,(anonymous_7)
FNDA:0,(anonymous_8)
FNDA:1,(anonymous_9)
DA:1,3
DA:2,3
DA:3,3
DA:4,3
DA:6,3
DA:7,2
DA:8,2
DA:10,2
DA:11,0
DA:14,2
DA:15,1
DA:16,1
DA:17,1
DA:20,2
DA:39,3
LF:15
LH:14
BRDA:11,0,0,0
BRDA:11,0,1,0
BRF:2
BRH:0
end_of_record
TN:
SF:src/components/LogoTitle/LogoTitle.tsx
FN:4,(anonymous_6)
FNF:1
FNH:0
FNDA:0,(anonymous_6)
DA:1,1
DA:2,1
DA:4,1
DA:5,0
DA:10,1
DA:11,1
LF:6
LH:5
BRF:0
BRH:0
end_of_record
TN:
SF:src/components/Paginator/Paginator.tsx
FN:24,(anonymous_6)
FN:36,(anonymous_7)
FN:41,(anonymous_8)
FN:45,(anonymous_9)
FN:57,(anonymous_10)
FN:71,(anonymous_11)
FN:75,(anonymous_12)
FNF:7
FNH:6
FNDA:7,(anonymous_6)
FNDA:3,(anonymous_7)
FNDA:0,(anonymous_8)
FNDA:7,(anonymous_9)
FNDA:1,(anonymous_10)
FNDA:1,(anonymous_11)
FNDA:1,(anonymous_12)
DA:1,3
DA:2,3
DA:3,3
DA:5,3
DA:24,3
DA:32,7
DA:33,7
DA:34,7
DA:36,7
DA:37,3
DA:38,3
DA:41,7
DA:42,0
DA:45,7
DA:46,7
DA:49,7
DA:50,7
DA:51,7
DA:52,7
DA:55,7
DA:56,35
DA:57,1
DA:64,7
DA:67,7
DA:68,7
DA:69,7
DA:71,1
DA:75,1
DA:82,3
LF:29
LH:28
BRDA:28,0,0,7
BRDA:29,1,0,7
BRDA:49,2,0,7
BRDA:49,2,1,0
BRDA:51,3,0,7
BRDA:51,3,1,0
BRDA:57,4,0,35
BRDA:57,4,1,28
BRDA:67,5,0,7
BRDA:67,5,1,0
BRDA:68,6,0,7
BRDA:68,6,1,7
BRF:12
BRH:9
end_of_record
TN:
SF:src/components/PokeCard/PokeCard.tsx
FN:31,(anonymous_7)
FN:32,(anonymous_8)
FN:33,(anonymous_9)
FNF:3
FNH:1
FNDA:1,(anonymous_7)
FNDA:0,(anonymous_8)
FNDA:0,(anonymous_9)
DA:1,3
DA:2,3
DA:3,3
DA:4,3
DA:12,3
DA:31,3
DA:32,1
DA:33,0
DA:34,0
DA:43,1
DA:85,3
LF:11
LH:9
BRDA:47,0,0,1
BRDA:47,0,1,0
BRDA:55,1,0,0
BRDA:55,1,1,1
BRDA:61,2,0,1
BRDA:61,2,1,0
BRDA:66,3,0,0
BRDA:66,3,1,1
BRDA:73,4,0,0
BRDA:73,4,1,1
BRF:10
BRH:5
end_of_record
TN:
SF:src/hooks/useCachedResources.ts
FN:6,useCachedResources
FN:10,(anonymous_7)
FN:11,loadResourcesAndDataAsync
FNF:3
FNH:0
FNDA:0,useCachedResources
FNDA:0,(anonymous_7)
FNDA:0,loadResourcesAndDataAsync
DA:1,0
DA:2,0
DA:3,0
DA:4,0
DA:6,0
DA:7,0
DA:10,0
DA:12,0
DA:13,0
DA:16,0
DA:24,0
DA:26,0
DA:27,0
DA:31,0
DA:34,0
LF:15
LH:0
BRF:0
BRH:0
end_of_record
TN:
SF:src/hooks/useColorScheme.ts
FN:6,useColorScheme
FNF:1
FNH:0
FNDA:0,useColorScheme
DA:1,0
DA:6,0
DA:7,0
LF:3
LH:0
BRF:0
BRH:0
end_of_record
TN:
SF:src/mocks/pokemon.ts
FNF:0
FNH:0
DA:3,2
DA:31,2
LF:2
LH:2
BRF:0
BRH:0
end_of_record
TN:
SF:src/navigation/DrawerNavigator.tsx
FN:12,DrawerNavigator
FN:24,(anonymous_2)
FNF:2
FNH:1
FNDA:1,DrawerNavigator
FNDA:0,(anonymous_2)
DA:1,1
DA:2,1
DA:3,1
DA:4,1
DA:5,1
DA:6,1
DA:7,1
DA:9,1
DA:10,1
DA:12,1
DA:13,1
DA:14,1
DA:24,0
LF:13
LH:12
BRF:0
BRH:0
end_of_record
TN:
SF:src/navigation/LinkingConfiguration.ts
FNF:0
FNH:0
DA:1,0
DA:3,0
LF:2
LH:0
BRF:0
BRH:0
end_of_record
TN:
SF:src/navigation/RootNavigator.tsx
FN:11,RootNavigator
FN:24,(anonymous_2)
FNF:2
FNH:0
FNDA:0,RootNavigator
FNDA:0,(anonymous_2)
DA:1,0
DA:3,0
DA:4,0
DA:5,0
DA:7,0
DA:9,0
DA:12,0
DA:24,0
DA:44,0
LF:9
LH:0
BRF:0
BRH:0
end_of_record
TN:
SF:src/navigation/index.tsx
FN:14,Navigation
FNF:1
FNH:0
FNDA:0,Navigation
DA:1,0
DA:6,0
DA:7,0
DA:8,0
DA:14,0
DA:15,0
LF:6
LH:0
BRDA:18,0,0,0
BRDA:18,0,1,0
BRF:2
BRH:0
end_of_record
TN:
SF:src/screens/MainScreen/MainScreen.tsx
FN:34,MainScreen
FN:46,(anonymous_8)
FN:52,(anonymous_9)
FN:58,(anonymous_10)
FN:60,(anonymous_11)
FN:67,(anonymous_12)
FN:68,(anonymous_13)
FN:75,(anonymous_14)
FN:79,(anonymous_15)
FN:82,(anonymous_16)
FN:84,(anonymous_17)
FN:85,(anonymous_18)
FN:91,(anonymous_19)
FN:92,(anonymous_20)
FN:97,(anonymous_21)
FN:101,(anonymous_22)
FN:105,(anonymous_23)
FN:109,(anonymous_24)
FN:150,(anonymous_25)
FN:151,(anonymous_26)
FN:155,(anonymous_27)
FNF:21
FNH:2
FNDA:4,MainScreen
FNDA:0,(anonymous_8)
FNDA:0,(anonymous_9)
FNDA:0,(anonymous_10)
FNDA:0,(anonymous_11)
FNDA:0,(anonymous_12)
FNDA:0,(anonymous_13)
FNDA:0,(anonymous_14)
FNDA:0,(anonymous_15)
FNDA:0,(anonymous_16)
FNDA:0,(anonymous_17)
FNDA:0,(anonymous_18)
FNDA:0,(anonymous_19)
FNDA:0,(anonymous_20)
FNDA:0,(anonymous_21)
FNDA:0,(anonymous_22)
FNDA:1,(anonymous_23)
FNDA:0,(anonymous_24)
FNDA:0,(anonymous_25)
FNDA:0,(anonymous_26)
FNDA:0,(anonymous_27)
DA:1,2
DA:2,2
DA:3,2
DA:4,2
DA:5,2
DA:6,2
DA:7,2
DA:8,2
DA:9,2
DA:10,2
DA:13,2
DA:34,2
DA:35,4
DA:36,4
DA:37,4
DA:38,4
DA:39,4
DA:40,4
DA:41,4
DA:42,4
DA:43,4
DA:44,4
DA:46,4
DA:47,0
DA:48,0
DA:49,0
DA:51,0
DA:54,0
DA:55,0
DA:56,0
DA:58,0
DA:59,0
DA:61,0
DA:62,0
DA:63,0
DA:66,0
DA:67,0
DA:69,0
DA:75,4
DA:76,0
DA:79,4
DA:80,0
DA:83,0
DA:84,0
DA:85,0
DA:91,4
DA:92,0
DA:93,0
DA:97,4
DA:98,0
DA:101,4
DA:102,0
DA:105,4
DA:106,1
DA:109,4
DA:110,0
DA:111,0
DA:114,4
DA:150,0
DA:153,0
DA:155,0
LF:61
LH:32
BRDA:92,0,0,0
BRDA:92,0,1,0
BRDA:139,1,0,4
BRDA:139,1,1,0
BRDA:140,2,0,4
BRDA:140,2,1,0
BRDA:145,3,0,0
BRDA:145,3,1,4
BRDA:144,4,0,4
BRDA:144,4,1,0
BRDA:156,5,0,0
BRDA:156,5,1,0
BRDA:158,6,0,0
BRDA:158,6,1,0
BRF:14
BRH:4
end_of_record
TN:
SF:src/screens/PokemonDetailsScreen/PokemonDetailsScreen.tsx
FN:38,(anonymous_7)
FN:43,(anonymous_8)
FN:86,(anonymous_9)
FN:109,(anonymous_10)
FNF:4
FNH:3
FNDA:3,(anonymous_7)
FNDA:0,(anonymous_8)
FNDA:2,(anonymous_9)
FNDA:2,(anonymous_10)
DA:1,1
DA:2,1
DA:3,1
DA:4,1
DA:5,1
DA:6,1
DA:7,1
DA:12,1
DA:38,1
DA:39,3
DA:40,3
DA:41,3
DA:43,3
DA:44,0
DA:50,3
DA:87,2
DA:110,2
DA:140,1
LF:18
LH:17
BRDA:59,0,0,0
BRDA:59,0,1,3
BRF:2
BRH:1
end_of_record
TN:
SF:src/screens/SettingsScreen/SettingsScreen.tsx
FN:7,(anonymous_7)
FN:11,(anonymous_8)
FN:12,(anonymous_9)
FN:15,(anonymous_10)
FNF:4
FNH:1
FNDA:2,(anonymous_7)
FNDA:0,(anonymous_8)
FNDA:0,(anonymous_9)
FNDA:0,(anonymous_10)
DA:1,2
DA:2,2
DA:3,2
DA:4,2
DA:5,2
DA:7,2
DA:8,2
DA:9,2
DA:11,2
DA:12,0
DA:15,2
DA:16,0
DA:17,0
DA:20,2
DA:52,2
LF:15
LH:12
BRDA:12,0,0,0
BRDA:12,0,1,0
BRF:2
BRH:0
end_of_record
TN:
SF:src/utils/i18n.ts
FNF:0
FNH:0
DA:1,0
DA:2,0
DA:3,0
DA:4,0
DA:5,0
DA:7,0
DA:16,0
DA:28,0
LF:8
LH:0
BRF:0
BRH:0
end_of_record
TN:
SF:src/utils/typesMapper.ts
FN:22,typesMapper
FNF:1
FNH:1
FNDA:2,typesMapper
DA:1,4
DA:22,4
DA:23,2
LF:3
LH:3
BRF:0
BRH:0
end_of_record
