TN:
SF:src/components/LangPicker/LangPicker.tsx
FN:6,(anonymous_6)
FN:10,(anonymous_7)
FN:11,(anonymous_8)
FN:14,(anonymous_9)
FNF:4
FNH:2
FNDA:2,(anonymous_6)
FNDA:0,(anonymous_7)
FNDA:0,(anonymous_8)
FNDA:1,(anonymous_9)
DA:1,3
DA:2,3
DA:3,3
DA:4,3
DA:6,3
DA:7,2
DA:8,2
DA:10,2
DA:11,0
DA:14,2
DA:15,1
DA:16,1
DA:17,1
DA:20,2
DA:39,3
LF:15
LH:14
BRDA:11,0,0,0
BRDA:11,0,1,0
BRF:2
BRH:0
end_of_record
TN:
SF:src/components/Paginator/Paginator.tsx
FN:24,(anonymous_6)
FN:35,(anonymous_7)
FN:40,(anonymous_8)
FN:44,(anonymous_9)
FN:56,(anonymous_10)
FN:70,(anonymous_11)
FN:74,(anonymous_12)
FNF:7
FNH:6
FNDA:7,(anonymous_6)
FNDA:3,(anonymous_7)
FNDA:0,(anonymous_8)
FNDA:7,(anonymous_9)
FNDA:1,(anonymous_10)
FNDA:1,(anonymous_11)
FNDA:1,(anonymous_12)
DA:1,3
DA:2,3
DA:4,3
DA:6,3
DA:24,3
DA:31,7
DA:32,7
DA:33,7
DA:35,7
DA:36,3
DA:37,3
DA:40,7
DA:41,0
DA:44,7
DA:45,7
DA:48,7
DA:49,7
DA:50,7
DA:51,7
DA:54,7
DA:55,35
DA:56,1
DA:63,7
DA:66,7
DA:67,7
DA:68,7
DA:70,1
DA:74,1
DA:81,3
LF:29
LH:28
BRDA:28,0,0,7
BRDA:48,1,0,7
BRDA:48,1,1,0
BRDA:50,2,0,7
BRDA:50,2,1,0
BRDA:56,3,0,35
BRDA:56,3,1,28
BRDA:66,4,0,7
BRDA:66,4,1,0
BRDA:67,5,0,7
BRDA:67,5,1,7
BRF:11
BRH:8
end_of_record
TN:
SF:src/components/PokeCard/PokeCard.tsx
FN:30,(anonymous_7)
FN:36,(anonymous_8)
FNF:2
FNH:2
FNDA:1,(anonymous_7)
FNDA:1,(anonymous_8)
DA:1,3
DA:2,3
DA:3,3
DA:4,3
DA:11,3
DA:30,3
DA:31,1
DA:37,1
DA:65,3
LF:9
LH:9
BRDA:48,0,0,0
BRDA:48,0,1,1
BRF:2
BRH:1
end_of_record
TN:
SF:src/hooks/useCachedResources.ts
FN:6,useCachedResources
FN:10,(anonymous_7)
FN:11,loadResourcesAndDataAsync
FNF:3
FNH:0
FNDA:0,useCachedResources
FNDA:0,(anonymous_7)
FNDA:0,loadResourcesAndDataAsync
DA:1,0
DA:2,0
DA:3,0
DA:4,0
DA:6,0
DA:7,0
DA:10,0
DA:12,0
DA:13,0
DA:16,0
DA:24,0
DA:26,0
DA:27,0
DA:31,0
DA:34,0
LF:15
LH:0
BRF:0
BRH:0
end_of_record
TN:
SF:src/hooks/useColorScheme.ts
FN:6,useColorScheme
FNF:1
FNH:0
FNDA:0,useColorScheme
DA:1,0
DA:6,0
DA:7,0
LF:3
LH:0
BRF:0
BRH:0
end_of_record
TN:
SF:src/mocks/pokemon.ts
FNF:0
FNH:0
DA:3,2
DA:31,2
LF:2
LH:2
BRF:0
BRH:0
end_of_record
TN:
SF:src/navigation/DrawerNavigator.tsx
FN:13,(anonymous_7)
FN:20,DrawerNavigator
FN:32,(anonymous_9)
FNF:3
FNH:1
FNDA:0,(anonymous_7)
FNDA:1,DrawerNavigator
FNDA:0,(anonymous_9)
DA:1,1
DA:2,1
DA:3,1
DA:4,1
DA:5,1
DA:6,1
DA:7,1
DA:9,1
DA:10,1
DA:13,1
DA:14,0
DA:20,1
DA:21,1
DA:22,1
DA:32,0
LF:15
LH:13
BRF:0
BRH:0
end_of_record
TN:
SF:src/navigation/LinkingConfiguration.ts
FNF:0
FNH:0
DA:1,0
DA:3,0
LF:2
LH:0
BRF:0
BRH:0
end_of_record
TN:
SF:src/navigation/RootNavigator.tsx
FN:9,RootNavigator
FNF:1
FNH:0
FNDA:0,RootNavigator
DA:1,0
DA:2,0
DA:3,0
DA:5,0
DA:7,0
DA:10,0
DA:36,0
LF:7
LH:0
BRF:0
BRH:0
end_of_record
TN:
SF:src/navigation/index.tsx
FN:14,Navigation
FNF:1
FNH:0
FNDA:0,Navigation
DA:1,0
DA:6,0
DA:7,0
DA:8,0
DA:14,0
DA:15,0
LF:6
LH:0
BRDA:18,0,0,0
BRDA:18,0,1,0
BRF:2
BRH:0
end_of_record
TN:
SF:src/screens/MainScreen/MainScreen.tsx
FN:30,MainScreen
FN:39,(anonymous_8)
FN:44,(anonymous_9)
FN:50,(anonymous_10)
FN:52,(anonymous_11)
FN:58,(anonymous_12)
FN:59,(anonymous_13)
FN:65,(anonymous_14)
FN:70,(anonymous_15)
FN:74,(anonymous_16)
FN:78,(anonymous_17)
FN:108,(anonymous_18)
FN:109,(anonymous_19)
FN:111,(anonymous_20)
FNF:14
FNH:2
FNDA:4,MainScreen
FNDA:0,(anonymous_8)
FNDA:0,(anonymous_9)
FNDA:0,(anonymous_10)
FNDA:0,(anonymous_11)
FNDA:0,(anonymous_12)
FNDA:0,(anonymous_13)
FNDA:0,(anonymous_14)
FNDA:0,(anonymous_15)
FNDA:0,(anonymous_16)
FNDA:1,(anonymous_17)
FNDA:0,(anonymous_18)
FNDA:0,(anonymous_19)
FNDA:0,(anonymous_20)
DA:1,2
DA:2,2
DA:3,2
DA:4,2
DA:5,2
DA:6,2
DA:7,2
DA:8,2
DA:9,2
DA:12,2
DA:30,2
DA:31,4
DA:32,4
DA:33,4
DA:34,4
DA:35,4
DA:36,4
DA:37,4
DA:39,4
DA:40,0
DA:41,0
DA:43,0
DA:46,0
DA:47,0
DA:48,0
DA:50,0
DA:51,0
DA:53,0
DA:54,0
DA:57,0
DA:58,0
DA:60,0
DA:65,4
DA:66,0
DA:70,4
DA:71,0
DA:74,4
DA:75,0
DA:78,4
DA:79,1
DA:82,4
DA:108,0
DA:111,0
LF:43
LH:25
BRDA:103,0,0,0
BRDA:103,0,1,4
BRDA:102,1,0,4
BRDA:102,1,1,0
BRF:4
BRH:2
end_of_record
TN:
SF:src/screens/PokemonDetailsScreen/PokemonDetailsScreen.tsx
FN:37,(anonymous_7)
FN:83,(anonymous_8)
FN:106,(anonymous_9)
FNF:3
FNH:3
FNDA:3,(anonymous_7)
FNDA:2,(anonymous_8)
FNDA:2,(anonymous_9)
DA:1,1
DA:2,1
DA:3,1
DA:4,1
DA:5,1
DA:6,1
DA:11,1
DA:37,1
DA:38,3
DA:39,3
DA:40,3
DA:42,3
DA:46,3
DA:84,2
DA:107,2
DA:129,1
LF:16
LH:16
BRDA:56,0,0,0
BRDA:56,0,1,3
BRF:2
BRH:1
end_of_record
TN:
SF:src/screens/SettingsScreen/SettingsScreen.tsx
FN:6,(anonymous_7)
FN:9,(anonymous_8)
FN:10,(anonymous_9)
FN:13,(anonymous_10)
FNF:4
FNH:1
FNDA:2,(anonymous_7)
FNDA:0,(anonymous_8)
FNDA:0,(anonymous_9)
FNDA:0,(anonymous_10)
DA:1,2
DA:2,2
DA:3,2
DA:4,2
DA:6,2
DA:7,2
DA:9,2
DA:10,0
DA:13,2
DA:14,0
DA:15,0
DA:18,2
DA:50,2
LF:13
LH:10
BRDA:10,0,0,0
BRDA:10,0,1,0
BRF:2
BRH:0
end_of_record
TN:
SF:src/utils/i18n.ts
FNF:0
FNH:0
DA:1,0
DA:2,0
DA:3,0
DA:4,0
DA:5,0
DA:7,0
DA:16,0
DA:28,0
LF:8
LH:0
BRF:0
BRH:0
end_of_record
TN:
SF:src/utils/typesMapper.ts
FN:22,typesMapper
FNF:1
FNH:1
FNDA:3,typesMapper
DA:1,4
DA:22,4
DA:23,3
LF:3
LH:3
BRF:0
BRH:0
end_of_record
